# JRE version: OpenJDK Runtime Environment (17.0.6) (build 17.0.6+0-b2043.56-10027231)
# Java VM: OpenJDK 64-Bit Server VM (17.0.6+0-b2043.56-10027231, mixed mode, tiered, compressed oops, compressed class ptrs, g1 gc, windows-amd64)
GC Precious Log:
 CPUs: 8 total, 8 available
 Memory: 12055M
 Large Page Support: Disabled
 NUMA Support: Disabled
 Compressed Oops: Enabled (32-bit)
 Heap Region Size: 1M
 Heap Min Capacity: 8M
 Heap Initial Capacity: 190M
 Heap Max Capacity: 2G
 Pre-touch: Disabled
 Parallel Workers: 8
 Concurrent Workers: 2
 Concurrent Refinement Workers: 8
 Periodic GC: Disabled
Heap:
 garbage-first heap   total 160768K, used 88137K [0x0000000080000000, 0x0000000100000000)
  region size 1024K, 33 young (33792K), 9 survivors (9216K)
 Metaspace       used 81689K, committed 82368K, reserved 1122304K
  class space    used 11048K, committed 11328K, reserved 1048576K
GC Heap History (20 events):
Event: 17.502 GC heap before
{Heap before GC invocations=28 (full 0):
 garbage-first heap   total 75776K, used 53556K [0x0000000080000000, 0x0000000100000000)
  region size 1024K, 12 young (12288K), 1 survivors (1024K)
 Metaspace       used 55156K, committed 55616K, reserved 1097728K
  class space    used 7257K, committed 7424K, reserved 1048576K
}
Event: 17.505 GC heap after
{Heap after GC invocations=29 (full 0):
 garbage-first heap   total 75776K, used 43854K [0x0000000080000000, 0x0000000100000000)
  region size 1024K, 1 young (1024K), 1 survivors (1024K)
 Metaspace       used 55156K, committed 55616K, reserved 1097728K
  class space    used 7257K, committed 7424K, reserved 1048576K
}
Event: 17.984 GC heap before
{Heap before GC invocations=29 (full 0):
 garbage-first heap   total 75776K, used 56142K [0x0000000080000000, 0x0000000100000000)
  region size 1024K, 14 young (14336K), 1 survivors (1024K)
 Metaspace       used 57747K, committed 58240K, reserved 1105920K
  class space    used 7525K, committed 7744K, reserved 1048576K
}
Event: 17.988 GC heap after
{Heap after GC invocations=30 (full 0):
 garbage-first heap   total 75776K, used 44321K [0x0000000080000000, 0x0000000100000000)
  region size 1024K, 2 young (2048K), 2 survivors (2048K)
 Metaspace       used 57747K, committed 58240K, reserved 1105920K
  class space    used 7525K, committed 7744K, reserved 1048576K
}
Event: 18.568 GC heap before
{Heap before GC invocations=31 (full 0):
 garbage-first heap   total 76800K, used 56609K [0x0000000080000000, 0x0000000100000000)
  region size 1024K, 15 young (15360K), 2 survivors (2048K)
 Metaspace       used 60344K, committed 60864K, reserved 1105920K
  class space    used 7895K, committed 8128K, reserved 1048576K
}
Event: 18.572 GC heap after
{Heap after GC invocations=32 (full 0):
 garbage-first heap   total 76800K, used 45295K [0x0000000080000000, 0x0000000100000000)
  region size 1024K, 2 young (2048K), 2 survivors (2048K)
 Metaspace       used 60344K, committed 60864K, reserved 1105920K
  class space    used 7895K, committed 8128K, reserved 1048576K
}
Event: 18.910 GC heap before
{Heap before GC invocations=32 (full 0):
 garbage-first heap   total 76800K, used 53487K [0x0000000080000000, 0x0000000100000000)
  region size 1024K, 12 young (12288K), 2 survivors (2048K)
 Metaspace       used 62394K, committed 62976K, reserved 1105920K
  class space    used 8149K, committed 8384K, reserved 1048576K
}
Event: 18.914 GC heap after
{Heap after GC invocations=33 (full 0):
 garbage-first heap   total 76800K, used 46614K [0x0000000080000000, 0x0000000100000000)
  region size 1024K, 2 young (2048K), 2 survivors (2048K)
 Metaspace       used 62394K, committed 62976K, reserved 1105920K
  class space    used 8149K, committed 8384K, reserved 1048576K
}
Event: 19.127 GC heap before
{Heap before GC invocations=34 (full 0):
 garbage-first heap   total 101376K, used 67094K [0x0000000080000000, 0x0000000100000000)
  region size 1024K, 16 young (16384K), 2 survivors (2048K)
 Metaspace       used 62718K, committed 63232K, reserved 1105920K
  class space    used 8207K, committed 8384K, reserved 1048576K
}
Event: 19.132 GC heap after
{Heap after GC invocations=35 (full 0):
 garbage-first heap   total 101376K, used 48346K [0x0000000080000000, 0x0000000100000000)
  region size 1024K, 2 young (2048K), 2 survivors (2048K)
 Metaspace       used 62718K, committed 63232K, reserved 1105920K
  class space    used 8207K, committed 8384K, reserved 1048576K
}
Event: 19.720 GC heap before
{Heap before GC invocations=35 (full 0):
 garbage-first heap   total 101376K, used 72922K [0x0000000080000000, 0x0000000100000000)
  region size 1024K, 26 young (26624K), 2 survivors (2048K)
 Metaspace       used 64982K, committed 65536K, reserved 1105920K
  class space    used 8485K, committed 8704K, reserved 1048576K
}
Event: 19.724 GC heap after
{Heap after GC invocations=36 (full 0):
 garbage-first heap   total 101376K, used 50399K [0x0000000080000000, 0x0000000100000000)
  region size 1024K, 4 young (4096K), 4 survivors (4096K)
 Metaspace       used 64982K, committed 65536K, reserved 1105920K
  class space    used 8485K, committed 8704K, reserved 1048576K
}
Event: 20.019 GC heap before
{Heap before GC invocations=37 (full 0):
 garbage-first heap   total 101376K, used 60639K [0x0000000080000000, 0x0000000100000000)
  region size 1024K, 16 young (16384K), 4 survivors (4096K)
 Metaspace       used 66002K, committed 66432K, reserved 1114112K
  class space    used 8597K, committed 8768K, reserved 1048576K
}
Event: 20.026 GC heap after
{Heap after GC invocations=38 (full 0):
 garbage-first heap   total 160768K, used 51784K [0x0000000080000000, 0x0000000100000000)
  region size 1024K, 4 young (4096K), 4 survivors (4096K)
 Metaspace       used 66002K, committed 66432K, reserved 1114112K
  class space    used 8597K, committed 8768K, reserved 1048576K
}
Event: 20.771 GC heap before
{Heap before GC invocations=38 (full 0):
 garbage-first heap   total 160768K, used 110152K [0x0000000080000000, 0x0000000100000000)
  region size 1024K, 60 young (61440K), 4 survivors (4096K)
 Metaspace       used 67949K, committed 68544K, reserved 1114112K
  class space    used 8871K, committed 9152K, reserved 1048576K
}
Event: 20.779 GC heap after
{Heap after GC invocations=39 (full 0):
 garbage-first heap   total 160768K, used 55912K [0x0000000080000000, 0x0000000100000000)
  region size 1024K, 8 young (8192K), 8 survivors (8192K)
 Metaspace       used 67949K, committed 68544K, reserved 1114112K
  class space    used 8871K, committed 9152K, reserved 1048576K
}
Event: 22.207 GC heap before
{Heap before GC invocations=39 (full 0):
 garbage-first heap   total 160768K, used 117352K [0x0000000080000000, 0x0000000100000000)
  region size 1024K, 68 young (69632K), 8 survivors (8192K)
 Metaspace       used 73900K, committed 74496K, reserved 1114112K
  class space    used 9899K, committed 10176K, reserved 1048576K
}
Event: 22.219 GC heap after
{Heap after GC invocations=40 (full 0):
 garbage-first heap   total 160768K, used 60283K [0x0000000080000000, 0x0000000100000000)
  region size 1024K, 9 young (9216K), 9 survivors (9216K)
 Metaspace       used 73900K, committed 74496K, reserved 1114112K
  class space    used 9899K, committed 10176K, reserved 1048576K
}
Event: 23.425 GC heap before
{Heap before GC invocations=40 (full 0):
 garbage-first heap   total 160768K, used 121723K [0x0000000080000000, 0x0000000100000000)
  region size 1024K, 69 young (70656K), 9 survivors (9216K)
 Metaspace       used 78738K, committed 79296K, reserved 1122304K
  class space    used 10680K, committed 10944K, reserved 1048576K
}
Event: 23.435 GC heap after
{Heap after GC invocations=41 (full 0):
 garbage-first heap   total 160768K, used 64585K [0x0000000080000000, 0x0000000100000000)
  region size 1024K, 9 young (9216K), 9 survivors (9216K)
 Metaspace       used 78738K, committed 79296K, reserved 1122304K
  class space    used 10680K, committed 10944K, reserved 1048576K
}

