# JRE version: OpenJDK Runtime Environment (17.0.6) (build 17.0.6+0-b2043.56-10027231)
# Java VM: OpenJDK 64-Bit Server VM (17.0.6+0-b2043.56-10027231, mixed mode, tiered, compressed oops, compressed class ptrs, g1 gc, windows-amd64)
GC Precious Log:
 CPUs: 8 total, 8 available
 Memory: 12055M
 Large Page Support: Disabled
 NUMA Support: Disabled
 Compressed Oops: Enabled (32-bit)
 Heap Region Size: 1M
 Heap Min Capacity: 8M
 Heap Initial Capacity: 190M
 Heap Max Capacity: 2G
 Pre-touch: Disabled
 Parallel Workers: 8
 Concurrent Workers: 2
 Concurrent Refinement Workers: 8
 Periodic GC: Disabled
Heap:
 garbage-first heap   total 464896K, used 140719K [0x0000000080000000, 0x0000000100000000)
  region size 1024K, 9 young (9216K), 9 survivors (9216K)
 Metaspace       used 138826K, committed 140096K, reserved 1171456K
  class space    used 18387K, committed 18944K, reserved 1048576K
GC Heap History (20 events):
Event: 3245.804 GC heap after
{Heap after GC invocations=71 (full 0):
 garbage-first heap   total 351232K, used 262946K [0x0000000080000000, 0x0000000100000000)
  region size 1024K, 8 young (8192K), 8 survivors (8192K)
 Metaspace       used 138743K, committed 139776K, reserved 1171456K
  class space    used 18306K, committed 18752K, reserved 1048576K
}
Event: 3246.040 GC heap before
{Heap before GC invocations=71 (full 0):
 garbage-first heap   total 351232K, used 297762K [0x0000000080000000, 0x0000000100000000)
  region size 1024K, 43 young (44032K), 8 survivors (8192K)
 Metaspace       used 138766K, committed 139840K, reserved 1171456K
  class space    used 18306K, committed 18752K, reserved 1048576K
}
Event: 3246.050 GC heap after
{Heap after GC invocations=72 (full 0):
 garbage-first heap   total 351232K, used 265309K [0x0000000080000000, 0x0000000100000000)
  region size 1024K, 4 young (4096K), 4 survivors (4096K)
 Metaspace       used 138766K, committed 139840K, reserved 1171456K
  class space    used 18306K, committed 18752K, reserved 1048576K
}
Event: 3246.265 GC heap before
{Heap before GC invocations=72 (full 0):
 garbage-first heap   total 351232K, used 311389K [0x0000000080000000, 0x0000000100000000)
  region size 1024K, 33 young (33792K), 4 survivors (4096K)
 Metaspace       used 138844K, committed 139840K, reserved 1171456K
  class space    used 18308K, committed 18752K, reserved 1048576K
}
Event: 3246.270 GC heap after
{Heap after GC invocations=73 (full 0):
 garbage-first heap   total 351232K, used 284827K [0x0000000080000000, 0x0000000100000000)
  region size 1024K, 2 young (2048K), 2 survivors (2048K)
 Metaspace       used 138844K, committed 139840K, reserved 1171456K
  class space    used 18308K, committed 18752K, reserved 1048576K
}
Event: 3348.397 GC heap before
{Heap before GC invocations=74 (full 0):
 garbage-first heap   total 464896K, used 290971K [0x0000000080000000, 0x0000000100000000)
  region size 1024K, 22 young (22528K), 2 survivors (2048K)
 Metaspace       used 137642K, committed 139136K, reserved 1171456K
  class space    used 18170K, committed 18752K, reserved 1048576K
}
Event: 3348.402 GC heap after
{Heap after GC invocations=75 (full 0):
 garbage-first heap   total 464896K, used 248697K [0x0000000080000000, 0x0000000100000000)
  region size 1024K, 2 young (2048K), 2 survivors (2048K)
 Metaspace       used 137642K, committed 139136K, reserved 1171456K
  class space    used 18170K, committed 18752K, reserved 1048576K
}
Event: 3348.670 GC heap before
{Heap before GC invocations=75 (full 0):
 garbage-first heap   total 464896K, used 268153K [0x0000000080000000, 0x0000000100000000)
  region size 1024K, 22 young (22528K), 2 survivors (2048K)
 Metaspace       used 137984K, committed 139200K, reserved 1171456K
  class space    used 18226K, committed 18752K, reserved 1048576K
}
Event: 3348.679 GC heap after
{Heap after GC invocations=76 (full 0):
 garbage-first heap   total 464896K, used 201168K [0x0000000080000000, 0x0000000100000000)
  region size 1024K, 3 young (3072K), 3 survivors (3072K)
 Metaspace       used 137984K, committed 139200K, reserved 1171456K
  class space    used 18226K, committed 18752K, reserved 1048576K
}
Event: 3348.863 GC heap before
{Heap before GC invocations=76 (full 0):
 garbage-first heap   total 464896K, used 219600K [0x0000000080000000, 0x0000000100000000)
  region size 1024K, 22 young (22528K), 3 survivors (3072K)
 Metaspace       used 138069K, committed 139200K, reserved 1171456K
  class space    used 18242K, committed 18752K, reserved 1048576K
}
Event: 3348.878 GC heap after
{Heap after GC invocations=77 (full 0):
 garbage-first heap   total 464896K, used 160294K [0x0000000080000000, 0x0000000100000000)
  region size 1024K, 3 young (3072K), 3 survivors (3072K)
 Metaspace       used 138069K, committed 139200K, reserved 1171456K
  class space    used 18242K, committed 18752K, reserved 1048576K
}
Event: 3349.061 GC heap before
{Heap before GC invocations=77 (full 0):
 garbage-first heap   total 464896K, used 178726K [0x0000000080000000, 0x0000000100000000)
  region size 1024K, 22 young (22528K), 3 survivors (3072K)
 Metaspace       used 138282K, committed 139456K, reserved 1171456K
  class space    used 18303K, committed 18816K, reserved 1048576K
}
Event: 3349.081 GC heap after
{Heap after GC invocations=78 (full 0):
 garbage-first heap   total 464896K, used 150415K [0x0000000080000000, 0x0000000100000000)
  region size 1024K, 2 young (2048K), 2 survivors (2048K)
 Metaspace       used 138282K, committed 139456K, reserved 1171456K
  class space    used 18303K, committed 18816K, reserved 1048576K
}
Event: 3349.358 GC heap before
{Heap before GC invocations=78 (full 0):
 garbage-first heap   total 464896K, used 171919K [0x0000000080000000, 0x0000000100000000)
  region size 1024K, 24 young (24576K), 2 survivors (2048K)
 Metaspace       used 138357K, committed 139584K, reserved 1171456K
  class space    used 18324K, committed 18880K, reserved 1048576K
}
Event: 3349.363 GC heap after
{Heap after GC invocations=79 (full 0):
 garbage-first heap   total 464896K, used 153636K [0x0000000080000000, 0x0000000100000000)
  region size 1024K, 5 young (5120K), 5 survivors (5120K)
 Metaspace       used 138357K, committed 139584K, reserved 1171456K
  class space    used 18324K, committed 18880K, reserved 1048576K
}
Event: 6137.752 GC heap before
{Heap before GC invocations=80 (full 0):
 garbage-first heap   total 464896K, used 385060K [0x0000000080000000, 0x0000000100000000)
  region size 1024K, 209 young (214016K), 5 survivors (5120K)
 Metaspace       used 138771K, committed 140032K, reserved 1171456K
  class space    used 18387K, committed 18944K, reserved 1048576K
}
Event: 6137.820 GC heap after
{Heap after GC invocations=81 (full 0):
 garbage-first heap   total 464896K, used 160282K [0x0000000080000000, 0x0000000100000000)
  region size 1024K, 11 young (11264K), 11 survivors (11264K)
 Metaspace       used 138771K, committed 140032K, reserved 1171456K
  class space    used 18387K, committed 18944K, reserved 1048576K
}
Event: 6137.869 GC heap before
{Heap before GC invocations=81 (full 0):
 garbage-first heap   total 464896K, used 170522K [0x0000000080000000, 0x0000000100000000)
  region size 1024K, 22 young (22528K), 11 survivors (11264K)
 Metaspace       used 138771K, committed 140032K, reserved 1171456K
  class space    used 18387K, committed 18944K, reserved 1048576K
}
Event: 6137.939 GC heap after
{Heap after GC invocations=82 (full 0):
 garbage-first heap   total 464896K, used 134545K [0x0000000080000000, 0x0000000100000000)
  region size 1024K, 3 young (3072K), 3 survivors (3072K)
 Metaspace       used 138771K, committed 140032K, reserved 1171456K
  class space    used 18387K, committed 18944K, reserved 1048576K
}
Event: 6138.591 GC heap before
{Heap before GC invocations=82 (full 0):
 garbage-first heap   total 464896K, used 182673K [0x0000000080000000, 0x0000000100000000)
  region size 1024K, 52 young (53248K), 3 survivors (3072K)
 Metaspace       used 138826K, committed 140096K, reserved 1171456K
  class space    used 18387K, committed 18944K, reserved 1048576K
}

